2020-02-08 09:05:59,757 [Worker-0: Loading available Gradle versions] INFO  c.g.t.t.d.PublishedGradleVersions - Gradle version information cache is out-of-date. Trying to update.
2020-02-08 09:51:53,126 [Worker-10: Loading available Gradle versions] INFO  c.g.t.t.d.PublishedGradleVersions - Gradle version information cache is up-to-date. Trying to read.
2020-02-08 09:58:01,496 [Worker-7: Importing Maven projects] INFO  o.e.m.c.i.e.AbstractTransferListenerAdapter - Downloading http://jleaf.org:8081/artifactory/libs-snapshot/org/jleaf/learn/learn-parent-pom/4.0.0-SNAPSHOT/maven-metadata.xml
2020-02-08 09:59:38,956 [Worker-7: Importing Maven projects] INFO  o.e.m.c.i.e.AbstractTransferListenerAdapter - Downloaded http://jleaf.org:8081/artifactory/libs-snapshot/org/jleaf/learn/learn-parent-pom/4.0.0-SNAPSHOT/maven-metadata.xml
2020-02-08 09:59:41,514 [Worker-7: Importing Maven projects] INFO  o.e.m.c.i.e.AbstractTransferListenerAdapter - Downloading http://jleaf.org:8081/artifactory/libs-snapshot/org/jleaf/learn/learn-parent-pom/4.0.0-SNAPSHOT/learn-parent-pom-4.0.0-20200207.155428-1.pom
2020-02-08 09:59:49,806 [Worker-7: Importing Maven projects] INFO  o.e.m.c.i.e.AbstractTransferListenerAdapter - Downloaded http://jleaf.org:8081/artifactory/libs-snapshot/org/jleaf/learn/learn-parent-pom/4.0.0-SNAPSHOT/learn-parent-pom-4.0.0-20200207.155428-1.pom
2020-02-08 09:59:56,478 [Worker-7: Importing Maven projects] INFO  o.e.m.c.i.e.AbstractTransferListenerAdapter - Downloading http://jleaf.org:8081/artifactory/libs-release/org/apache/maven/plugins/maven-clean-plugin/2.5/maven-clean-plugin-2.5.jar
2020-02-08 10:00:00,863 [Worker-7: Importing Maven projects] INFO  o.e.m.c.i.e.AbstractTransferListenerAdapter - Downloaded http://jleaf.org:8081/artifactory/libs-release/org/apache/maven/plugins/maven-clean-plugin/2.5/maven-clean-plugin-2.5.jar
2020-02-08 10:00:03,626 [Worker-7: Importing Maven projects] INFO  o.e.m.c.i.e.AbstractTransferListenerAdapter - Downloading http://jleaf.org:8081/artifactory/libs-release/org/apache/maven/plugins/maven-resources-plugin/2.5/maven-resources-plugin-2.5.jar
2020-02-08 10:00:08,541 [Worker-7: Importing Maven projects] INFO  o.e.m.c.i.e.AbstractTransferListenerAdapter - Downloaded http://jleaf.org:8081/artifactory/libs-release/org/apache/maven/plugins/maven-resources-plugin/2.5/maven-resources-plugin-2.5.jar
2020-02-08 10:00:11,100 [Worker-7: Importing Maven projects] INFO  o.e.m.c.i.e.AbstractTransferListenerAdapter - Downloading http://jleaf.org:8081/artifactory/libs-release/org/apache/maven/plugins/maven-compiler-plugin/3.8.1/maven-compiler-plugin-3.8.1.jar
2020-02-08 10:00:12,231 [Worker-7: Importing Maven projects] INFO  o.e.m.c.i.e.AbstractTransferListenerAdapter - Downloaded http://jleaf.org:8081/artifactory/libs-release/org/apache/maven/plugins/maven-compiler-plugin/3.8.1/maven-compiler-plugin-3.8.1.jar
2020-02-08 10:00:12,738 [Worker-7: Importing Maven projects] INFO  o.e.m.c.i.e.AbstractTransferListenerAdapter - Downloading http://jleaf.org:8081/artifactory/libs-release/org/apache/maven/plugins/maven-surefire-plugin/2.16/maven-surefire-plugin-2.16.jar
2020-02-08 10:00:13,063 [Worker-7: Importing Maven projects] INFO  o.e.m.c.i.e.AbstractTransferListenerAdapter - Downloaded http://jleaf.org:8081/artifactory/libs-release/org/apache/maven/plugins/maven-surefire-plugin/2.16/maven-surefire-plugin-2.16.jar
2020-02-08 10:00:13,587 [Worker-7: Importing Maven projects] INFO  o.e.m.c.i.e.AbstractTransferListenerAdapter - Downloading http://jleaf.org:8081/artifactory/libs-release/org/apache/maven/plugins/maven-antrun-plugin/1.7/maven-antrun-plugin-1.7.jar
2020-02-08 10:00:13,969 [Worker-7: Importing Maven projects] INFO  o.e.m.c.i.e.AbstractTransferListenerAdapter - Downloaded http://jleaf.org:8081/artifactory/libs-release/org/apache/maven/plugins/maven-antrun-plugin/1.7/maven-antrun-plugin-1.7.jar
2020-02-08 10:00:14,843 [Worker-7: Importing Maven projects] INFO  o.e.m.c.i.e.AbstractTransferListenerAdapter - Downloading http://jleaf.org:8081/artifactory/libs-release/org/apache/maven/plugins/maven-war-plugin/2.2/maven-war-plugin-2.2.jar
2020-02-08 10:00:19,495 [Worker-7: Importing Maven projects] INFO  o.e.m.c.i.e.AbstractTransferListenerAdapter - Downloaded http://jleaf.org:8081/artifactory/libs-release/org/apache/maven/plugins/maven-war-plugin/2.2/maven-war-plugin-2.2.jar
2020-02-08 10:00:21,684 [Worker-7: Importing Maven projects] INFO  o.e.m.c.i.e.AbstractTransferListenerAdapter - Downloading http://jleaf.org:8081/artifactory/libs-release/com/google/code/sortpom/maven-sortpom-plugin/1.3.1/maven-sortpom-plugin-1.3.1.jar
2020-02-08 10:00:23,682 [Worker-7: Importing Maven projects] INFO  o.e.m.c.i.e.AbstractTransferListenerAdapter - Downloaded http://jleaf.org:8081/artifactory/libs-release/com/google/code/sortpom/maven-sortpom-plugin/1.3.1/maven-sortpom-plugin-1.3.1.jar
2020-02-08 10:00:26,117 [Worker-7: Importing Maven projects] INFO  o.e.m.c.i.e.AbstractTransferListenerAdapter - Downloading http://jleaf.org:8081/artifactory/libs-release/org/apache/maven/plugins/maven-install-plugin/2.4/maven-install-plugin-2.4.jar
2020-02-08 10:00:28,222 [Worker-7: Importing Maven projects] INFO  o.e.m.c.i.e.AbstractTransferListenerAdapter - Downloaded http://jleaf.org:8081/artifactory/libs-release/org/apache/maven/plugins/maven-install-plugin/2.4/maven-install-plugin-2.4.jar
2020-02-08 10:00:30,654 [Worker-7: Importing Maven projects] INFO  o.e.m.c.i.e.AbstractTransferListenerAdapter - Downloading http://jleaf.org:8081/artifactory/libs-release/org/apache/maven/plugins/maven-deploy-plugin/2.8.2/maven-deploy-plugin-2.8.2.jar
2020-02-08 10:00:32,908 [Worker-7: Importing Maven projects] INFO  o.e.m.c.i.e.AbstractTransferListenerAdapter - Downloaded http://jleaf.org:8081/artifactory/libs-release/org/apache/maven/plugins/maven-deploy-plugin/2.8.2/maven-deploy-plugin-2.8.2.jar
2020-02-08 10:00:35,554 [Worker-7: Importing Maven projects] INFO  o.e.m.c.i.e.AbstractTransferListenerAdapter - Downloading http://jleaf.org:8081/artifactory/libs-release/org/apache/maven/plugins/maven-site-plugin/3.1/maven-site-plugin-3.1.jar
2020-02-08 10:00:42,747 [Worker-7: Importing Maven projects] INFO  o.e.m.c.i.e.AbstractTransferListenerAdapter - Downloaded http://jleaf.org:8081/artifactory/libs-release/org/apache/maven/plugins/maven-site-plugin/3.1/maven-site-plugin-3.1.jar
2020-02-08 10:00:44,910 [Worker-7: Importing Maven projects] INFO  o.e.m.c.i.e.AbstractTransferListenerAdapter - Downloading http://jleaf.org:8081/artifactory/libs-release/org/apache/maven/plugins/maven-compiler-plugin/3.8.1/maven-compiler-plugin-3.8.1.pom
2020-02-08 10:00:46,831 [Worker-7: Importing Maven projects] INFO  o.e.m.c.i.e.AbstractTransferListenerAdapter - Downloaded http://jleaf.org:8081/artifactory/libs-release/org/apache/maven/plugins/maven-compiler-plugin/3.8.1/maven-compiler-plugin-3.8.1.pom
2020-02-08 10:00:49,198 [Worker-7: Importing Maven projects] INFO  o.e.m.c.i.e.AbstractTransferListenerAdapter - Downloading http://jleaf.org:8081/artifactory/libs-release/org/apache/maven/plugins/maven-plugins/33/maven-plugins-33.pom
2020-02-08 10:00:51,848 [Worker-7: Importing Maven projects] INFO  o.e.m.c.i.e.AbstractTransferListenerAdapter - Downloaded http://jleaf.org:8081/artifactory/libs-release/org/apache/maven/plugins/maven-plugins/33/maven-plugins-33.pom
2020-02-08 10:00:54,714 [Worker-7: Importing Maven projects] INFO  o.e.m.c.i.e.AbstractTransferListenerAdapter - Downloading http://jleaf.org:8081/artifactory/libs-release/org/apache/maven/maven-parent/33/maven-parent-33.pom
2020-02-08 10:00:55,754 [Worker-7: Importing Maven projects] INFO  o.e.m.c.i.e.AbstractTransferListenerAdapter - Downloaded http://jleaf.org:8081/artifactory/libs-release/org/apache/maven/maven-parent/33/maven-parent-33.pom
2020-02-08 10:00:57,776 [Worker-7: Importing Maven projects] INFO  o.e.m.c.i.e.AbstractTransferListenerAdapter - Downloading http://jleaf.org:8081/artifactory/libs-release/org/apache/apache/21/apache-21.pom
2020-02-08 10:00:59,710 [Worker-7: Importing Maven projects] INFO  o.e.m.c.i.e.AbstractTransferListenerAdapter - Downloaded http://jleaf.org:8081/artifactory/libs-release/org/apache/apache/21/apache-21.pom
2020-02-08 10:01:01,910 [Worker-7: Importing Maven projects] INFO  o.e.m.c.i.e.AbstractTransferListenerAdapter - Downloading http://jleaf.org:8081/artifactory/libs-release/org/apache/maven/maven-plugin-api/3.0/maven-plugin-api-3.0.pom
2020-02-08 10:01:03,915 [Worker-7: Importing Maven projects] INFO  o.e.m.c.i.e.AbstractTransferListenerAdapter - Downloaded http://jleaf.org:8081/artifactory/libs-release/org/apache/maven/maven-plugin-api/3.0/maven-plugin-api-3.0.pom
2020-02-08 10:01:06,172 [Worker-7: Importing Maven projects] INFO  o.e.m.c.i.e.AbstractTransferListenerAdapter - Downloading http://jleaf.org:8081/artifactory/libs-release/org/apache/maven/maven/3.0/maven-3.0.pom
2020-02-08 10:01:08,412 [Worker-7: Importing Maven projects] INFO  o.e.m.c.i.e.AbstractTransferListenerAdapter - Downloaded http://jleaf.org:8081/artifactory/libs-release/org/apache/maven/maven/3.0/maven-3.0.pom
2020-02-08 10:01:10,901 [Worker-7: Importing Maven projects] INFO  o.e.m.c.i.e.AbstractTransferListenerAdapter - Downloading http://jleaf.org:8081/artifactory/libs-release/org/apache/maven/maven-parent/15/maven-parent-15.pom
2020-02-08 10:01:13,348 [Worker-7: Importing Maven projects] INFO  o.e.m.c.i.e.AbstractTransferListenerAdapter - Downloaded http://jleaf.org:8081/artifactory/libs-release/org/apache/maven/maven-parent/15/maven-parent-15.pom
2020-02-08 10:01:16,012 [Worker-7: Importing Maven projects] INFO  o.e.m.c.i.e.AbstractTransferListenerAdapter - Downloading http://jleaf.org:8081/artifactory/libs-release/org/apache/apache/6/apache-6.pom
2020-02-08 10:01:18,678 [Worker-7: Importing Maven projects] INFO  o.e.m.c.i.e.AbstractTransferListenerAdapter - Downloaded http://jleaf.org:8081/artifactory/libs-release/org/apache/apache/6/apache-6.pom
2020-02-08 10:01:20,412 [Worker-7: Importing Maven projects] INFO  o.e.m.c.i.e.AbstractTransferListenerAdapter - Downloading http://jleaf.org:8081/artifactory/libs-release/org/apache/maven/maven-model/3.0/maven-model-3.0.pom
2020-02-08 10:01:22,460 [Worker-7: Importing Maven projects] INFO  o.e.m.c.i.e.AbstractTransferListenerAdapter - Downloaded http://jleaf.org:8081/artifactory/libs-release/org/apache/maven/maven-model/3.0/maven-model-3.0.pom
2020-02-08 10:01:24,754 [Worker-7: Importing Maven projects] INFO  o.e.m.c.i.e.AbstractTransferListenerAdapter - Downloading http://jleaf.org:8081/artifactory/libs-release/org/codehaus/plexus/plexus-utils/2.0.4/plexus-utils-2.0.4.pom
2020-02-08 10:01:27,477 [Worker-7: Importing Maven projects] INFO  o.e.m.c.i.e.AbstractTransferListenerAdapter - Downloaded http://jleaf.org:8081/artifactory/libs-release/org/codehaus/plexus/plexus-utils/2.0.4/plexus-utils-2.0.4.pom
2020-02-08 10:01:30,292 [Worker-7: Importing Maven projects] INFO  o.e.m.c.i.e.AbstractTransferListenerAdapter - Downloading http://jleaf.org:8081/artifactory/libs-release/org/codehaus/plexus/plexus/2.0.6/plexus-2.0.6.pom
2020-02-08 10:01:33,006 [Worker-7: Importing Maven projects] INFO  o.e.m.c.i.e.AbstractTransferListenerAdapter - Downloaded http://jleaf.org:8081/artifactory/libs-release/org/codehaus/plexus/plexus/2.0.6/plexus-2.0.6.pom
2020-02-08 10:01:34,439 [Worker-7: Importing Maven projects] INFO  o.e.m.c.i.e.AbstractTransferListenerAdapter - Downloading http://jleaf.org:8081/artifactory/libs-release/org/apache/maven/maven-artifact/3.0/maven-artifact-3.0.pom
2020-02-08 10:01:35,976 [Worker-7: Importing Maven projects] INFO  o.e.m.c.i.e.AbstractTransferListenerAdapter - Downloaded http://jleaf.org:8081/artifactory/libs-release/org/apache/maven/maven-artifact/3.0/maven-artifact-3.0.pom
2020-02-08 10:01:37,817 [Worker-7: Importing Maven projects] INFO  o.e.m.c.i.e.AbstractTransferListenerAdapter - Downloading http://jleaf.org:8081/artifactory/libs-release/org/sonatype/sisu/sisu-inject-plexus/1.4.2/sisu-inject-plexus-1.4.2.pom
2020-02-08 10:01:39,355 [Worker-7: Importing Maven projects] INFO  o.e.m.c.i.e.AbstractTransferListenerAdapter - Downloaded http://jleaf.org:8081/artifactory/libs-release/org/sonatype/sisu/sisu-inject-plexus/1.4.2/sisu-inject-plexus-1.4.2.pom
2020-02-08 10:01:41,013 [Worker-7: Importing Maven projects] INFO  o.e.m.c.i.e.AbstractTransferListenerAdapter - Downloading http://jleaf.org:8081/artifactory/libs-release/org/sonatype/sisu/inject/guice-plexus/1.4.2/guice-plexus-1.4.2.pom
2020-02-08 10:01:42,836 [Worker-7: Importing Maven projects] INFO  o.e.m.c.i.e.AbstractTransferListenerAdapter - Downloaded http://jleaf.org:8081/artifactory/libs-release/org/sonatype/sisu/inject/guice-plexus/1.4.2/guice-plexus-1.4.2.pom
2020-02-08 10:01:44,683 [Worker-7: Importing Maven projects] INFO  o.e.m.c.i.e.AbstractTransferListenerAdapter - Downloading http://jleaf.org:8081/artifactory/libs-release/org/sonatype/sisu/inject/guice-bean/1.4.2/guice-bean-1.4.2.pom
2020-02-08 10:01:46,522 [Worker-7: Importing Maven projects] INFO  o.e.m.c.i.e.AbstractTransferListenerAdapter - Downloaded http://jleaf.org:8081/artifactory/libs-release/org/sonatype/sisu/inject/guice-bean/1.4.2/guice-bean-1.4.2.pom
2020-02-08 10:01:48,363 [Worker-7: Importing Maven projects] INFO  o.e.m.c.i.e.AbstractTransferListenerAdapter - Downloading http://jleaf.org:8081/artifactory/libs-release/org/sonatype/sisu/sisu-inject/1.4.2/sisu-inject-1.4.2.pom
2020-02-08 10:01:50,412 [Worker-7: Importing Maven projects] INFO  o.e.m.c.i.e.AbstractTransferListenerAdapter - Downloaded http://jleaf.org:8081/artifactory/libs-release/org/sonatype/sisu/sisu-inject/1.4.2/sisu-inject-1.4.2.pom
2020-02-08 10:01:52,883 [Worker-7: Importing Maven projects] INFO  o.e.m.c.i.e.AbstractTransferListenerAdapter - Downloading http://jleaf.org:8081/artifactory/libs-release/org/sonatype/sisu/sisu-parent/1.4.2/sisu-parent-1.4.2.pom
2020-02-08 10:01:55,325 [Worker-7: Importing Maven projects] INFO  o.e.m.c.i.e.AbstractTransferListenerAdapter - Downloaded http://jleaf.org:8081/artifactory/libs-release/org/sonatype/sisu/sisu-parent/1.4.2/sisu-parent-1.4.2.pom
2020-02-08 10:01:57,432 [Worker-7: Importing Maven projects] INFO  o.e.m.c.i.e.AbstractTransferListenerAdapter - Downloading http://jleaf.org:8081/artifactory/libs-release/org/sonatype/forge/forge-parent/6/forge-parent-6.pom
2020-02-08 10:01:59,216 [Worker-7: Importing Maven projects] INFO  o.e.m.c.i.e.AbstractTransferListenerAdapter - Downloaded http://jleaf.org:8081/artifactory/libs-release/org/sonatype/forge/forge-parent/6/forge-parent-6.pom
2020-02-08 10:02:01,263 [Worker-7: Importing Maven projects] INFO  o.e.m.c.i.e.AbstractTransferListenerAdapter - Downloading http://jleaf.org:8081/artifactory/libs-release/org/codehaus/plexus/plexus-component-annotations/1.7.1/plexus-component-annotations-1.7.1.pom
2020-02-08 10:02:03,721 [Worker-7: Importing Maven projects] INFO  o.e.m.c.i.e.AbstractTransferListenerAdapter - Downloaded http://jleaf.org:8081/artifactory/libs-release/org/codehaus/plexus/plexus-component-annotations/1.7.1/plexus-component-annotations-1.7.1.pom
2020-02-08 10:02:06,015 [Worker-7: Importing Maven projects] INFO  o.e.m.c.i.e.AbstractTransferListenerAdapter - Downloading http://jleaf.org:8081/artifactory/libs-release/org/codehaus/plexus/plexus-containers/1.7.1/plexus-containers-1.7.1.pom
2020-02-08 10:02:07,612 [Worker-7: Importing Maven projects] INFO  o.e.m.c.i.e.AbstractTransferListenerAdapter - Downloaded http://jleaf.org:8081/artifactory/libs-release/org/codehaus/plexus/plexus-containers/1.7.1/plexus-containers-1.7.1.pom
2020-02-08 10:02:08,922 [Worker-7: Importing Maven projects] INFO  o.e.m.c.i.e.AbstractTransferListenerAdapter - Downloading http://jleaf.org:8081/artifactory/libs-release/org/codehaus/plexus/plexus/4.0/plexus-4.0.pom
2020-02-08 10:02:10,581 [Worker-7: Importing Maven projects] INFO  o.e.m.c.i.e.AbstractTransferListenerAdapter - Downloaded http://jleaf.org:8081/artifactory/libs-release/org/codehaus/plexus/plexus/4.0/plexus-4.0.pom
2020-02-08 10:02:12,423 [Worker-7: Importing Maven projects] INFO  o.e.m.c.i.e.AbstractTransferListenerAdapter - Downloading http://jleaf.org:8081/artifactory/libs-release/org/sonatype/forge/forge-parent/10/forge-parent-10.pom
2020-02-08 10:02:14,370 [Worker-7: Importing Maven projects] INFO  o.e.m.c.i.e.AbstractTransferListenerAdapter - Downloaded http://jleaf.org:8081/artifactory/libs-release/org/sonatype/forge/forge-parent/10/forge-parent-10.pom
2020-02-08 10:02:16,335 [Worker-7: Importing Maven projects] INFO  o.e.m.c.i.e.AbstractTransferListenerAdapter - Downloading http://jleaf.org:8081/artifactory/libs-release/org/codehaus/plexus/plexus-classworlds/2.2.3/plexus-classworlds-2.2.3.pom
2020-02-08 10:02:18,259 [Worker-7: Importing Maven projects] INFO  o.e.m.c.i.e.AbstractTransferListenerAdapter - Downloaded http://jleaf.org:8081/artifactory/libs-release/org/codehaus/plexus/plexus-classworlds/2.2.3/plexus-classworlds-2.2.3.pom
2020-02-08 10:02:20,307 [Worker-7: Importing Maven projects] INFO  o.e.m.c.i.e.AbstractTransferListenerAdapter - Downloading http://jleaf.org:8081/artifactory/libs-release/org/codehaus/plexus/plexus-utils/2.0.5/plexus-utils-2.0.5.pom
2020-02-08 10:02:22,355 [Worker-7: Importing Maven projects] INFO  o.e.m.c.i.e.AbstractTransferListenerAdapter - Downloaded http://jleaf.org:8081/artifactory/libs-release/org/codehaus/plexus/plexus-utils/2.0.5/plexus-utils-2.0.5.pom
2020-02-08 10:02:24,607 [Worker-7: Importing Maven projects] INFO  o.e.m.c.i.e.AbstractTransferListenerAdapter - Downloading http://jleaf.org:8081/artifactory/libs-release/org/sonatype/sisu/sisu-inject-bean/1.4.2/sisu-inject-bean-1.4.2.pom
2020-02-08 10:02:26,917 [Worker-7: Importing Maven projects] INFO  o.e.m.c.i.e.AbstractTransferListenerAdapter - Downloaded http://jleaf.org:8081/artifactory/libs-release/org/sonatype/sisu/sisu-inject-bean/1.4.2/sisu-inject-bean-1.4.2.pom
2020-02-08 10:02:29,655 [Worker-7: Importing Maven projects] INFO  o.e.m.c.i.e.AbstractTransferListenerAdapter - Downloading http://jleaf.org:8081/artifactory/libs-release/org/sonatype/sisu/sisu-guice/2.1.7/sisu-guice-2.1.7.pom
2020-02-08 10:02:32,184 [Worker-7: Importing Maven projects] INFO  o.e.m.c.i.e.AbstractTransferListenerAdapter - Downloaded http://jleaf.org:8081/artifactory/libs-release/org/sonatype/sisu/sisu-guice/2.1.7/sisu-guice-2.1.7.pom
2020-02-08 10:02:33,208 [Worker-7: Importing Maven projects] INFO  o.e.m.c.i.e.AbstractTransferListenerAdapter - Downloading http://jleaf.org:8081/artifactory/libs-release/org/apache/maven/maven-core/3.0/maven-core-3.0.pom
2020-02-08 10:02:33,232 [Worker-7: Importing Maven projects] INFO  o.e.m.c.i.e.AbstractTransferListenerAdapter - Downloaded http://jleaf.org:8081/artifactory/libs-release/org/apache/maven/maven-core/3.0/maven-core-3.0.pom
2020-02-08 10:02:33,617 [Worker-7: Importing Maven projects] INFO  o.e.m.c.i.e.AbstractTransferListenerAdapter - Downloading http://jleaf.org:8081/artifactory/libs-release/org/apache/maven/maven-settings/3.0/maven-settings-3.0.pom
2020-02-08 10:02:33,639 [Worker-7: Importing Maven projects] INFO  o.e.m.c.i.e.AbstractTransferListenerAdapter - Downloaded http://jleaf.org:8081/artifactory/libs-release/org/apache/maven/maven-settings/3.0/maven-settings-3.0.pom
2020-02-08 10:02:34,034 [Worker-7: Importing Maven projects] INFO  o.e.m.c.i.e.AbstractTransferListenerAdapter - Downloading http://jleaf.org:8081/artifactory/libs-release/org/apache/maven/maven-settings-builder/3.0/maven-settings-builder-3.0.pom
2020-02-08 10:02:34,059 [Worker-7: Importing Maven projects] INFO  o.e.m.c.i.e.AbstractTransferListenerAdapter - Downloaded http://jleaf.org:8081/artifactory/libs-release/org/apache/maven/maven-settings-builder/3.0/maven-settings-builder-3.0.pom
2020-02-08 10:02:34,496 [Worker-7: Importing Maven projects] INFO  o.e.m.c.i.e.AbstractTransferListenerAdapter - Downloading http://jleaf.org:8081/artifactory/libs-release/org/codehaus/plexus/plexus-interpolation/1.14/plexus-interpolation-1.14.pom
2020-02-08 10:02:34,525 [Worker-7: Importing Maven projects] INFO  o.e.m.c.i.e.AbstractTransferListenerAdapter - Downloaded http://jleaf.org:8081/artifactory/libs-release/org/codehaus/plexus/plexus-interpolation/1.14/plexus-interpolation-1.14.pom
2020-02-08 10:02:34,853 [Worker-7: Importing Maven projects] INFO  o.e.m.c.i.e.AbstractTransferListenerAdapter - Downloading http://jleaf.org:8081/artifactory/libs-release/org/codehaus/plexus/plexus-components/1.1.18/plexus-components-1.1.18.pom
2020-02-08 10:02:35,461 [Worker-7: Importing Maven projects] INFO  o.e.m.c.i.e.AbstractTransferListenerAdapter - Downloaded http://jleaf.org:8081/artifactory/libs-release/org/codehaus/plexus/plexus-components/1.1.18/plexus-components-1.1.18.pom
2020-02-08 10:02:37,622 [Worker-7: Importing Maven projects] INFO  o.e.m.c.i.e.AbstractTransferListenerAdapter - Downloading http://jleaf.org:8081/artifactory/libs-release/org/codehaus/plexus/plexus/2.0.7/plexus-2.0.7.pom
2020-02-08 10:02:39,532 [Worker-7: Importing Maven projects] INFO  o.e.m.c.i.e.AbstractTransferListenerAdapter - Downloaded http://jleaf.org:8081/artifactory/libs-release/org/codehaus/plexus/plexus/2.0.7/plexus-2.0.7.pom
2020-02-08 10:02:41,097 [Worker-7: Importing Maven projects] INFO  o.e.m.c.i.e.AbstractTransferListenerAdapter - Downloading http://jleaf.org:8081/artifactory/libs-release/org/sonatype/plexus/plexus-sec-dispatcher/1.3/plexus-sec-dispatcher-1.3.pom
2020-02-08 10:02:42,832 [Worker-7: Importing Maven projects] INFO  o.e.m.c.i.e.AbstractTransferListenerAdapter - Downloaded http://jleaf.org:8081/artifactory/libs-release/org/sonatype/plexus/plexus-sec-dispatcher/1.3/plexus-sec-dispatcher-1.3.pom
2020-02-08 10:02:44,470 [Worker-7: Importing Maven projects] INFO  o.e.m.c.i.e.AbstractTransferListenerAdapter - Downloading http://jleaf.org:8081/artifactory/libs-release/org/sonatype/spice/spice-parent/12/spice-parent-12.pom
2020-02-08 10:02:46,314 [Worker-7: Importing Maven projects] INFO  o.e.m.c.i.e.AbstractTransferListenerAdapter - Downloaded http://jleaf.org:8081/artifactory/libs-release/org/sonatype/spice/spice-parent/12/spice-parent-12.pom
2020-02-08 10:02:48,464 [Worker-7: Importing Maven projects] INFO  o.e.m.c.i.e.AbstractTransferListenerAdapter - Downloading http://jleaf.org:8081/artifactory/libs-release/org/sonatype/forge/forge-parent/4/forge-parent-4.pom
2020-02-08 10:02:50,820 [Worker-7: Importing Maven projects] INFO  o.e.m.c.i.e.AbstractTransferListenerAdapter - Downloaded http://jleaf.org:8081/artifactory/libs-release/org/sonatype/forge/forge-parent/4/forge-parent-4.pom
2020-02-08 10:02:53,481 [Worker-7: Importing Maven projects] INFO  o.e.m.c.i.e.AbstractTransferListenerAdapter - Downloading http://jleaf.org:8081/artifactory/libs-release/org/codehaus/plexus/plexus-utils/1.5.5/plexus-utils-1.5.5.pom
2020-02-08 10:02:55,938 [Worker-7: Importing Maven projects] INFO  o.e.m.c.i.e.AbstractTransferListenerAdapter - Downloaded http://jleaf.org:8081/artifactory/libs-release/org/codehaus/plexus/plexus-utils/1.5.5/plexus-utils-1.5.5.pom
2020-02-08 10:02:58,395 [Worker-7: Importing Maven projects] INFO  o.e.m.c.i.e.AbstractTransferListenerAdapter - Downloading http://jleaf.org:8081/artifactory/libs-release/org/codehaus/plexus/plexus/1.0.11/plexus-1.0.11.pom
2020-02-08 10:03:00,955 [Worker-7: Importing Maven projects] INFO  o.e.m.c.i.e.AbstractTransferListenerAdapter - Downloaded http://jleaf.org:8081/artifactory/libs-release/org/codehaus/plexus/plexus/1.0.11/plexus-1.0.11.pom
2020-02-08 10:03:03,685 [Worker-7: Importing Maven projects] INFO  o.e.m.c.i.e.AbstractTransferListenerAdapter - Downloading http://jleaf.org:8081/artifactory/libs-release/org/sonatype/plexus/plexus-cipher/1.4/plexus-cipher-1.4.pom
2020-02-08 10:03:05,972 [Worker-7: Importing Maven projects] INFO  o.e.m.c.i.e.AbstractTransferListenerAdapter - Downloaded http://jleaf.org:8081/artifactory/libs-release/org/sonatype/plexus/plexus-cipher/1.4/plexus-cipher-1.4.pom
2020-02-08 10:03:07,847 [Worker-7: Importing Maven projects] INFO  o.e.m.c.i.e.AbstractTransferListenerAdapter - Downloading http://jleaf.org:8081/artifactory/libs-release/org/apache/maven/maven-repository-metadata/3.0/maven-repository-metadata-3.0.pom
2020-02-08 10:03:10,068 [Worker-7: Importing Maven projects] INFO  o.e.m.c.i.e.AbstractTransferListenerAdapter - Downloaded http://jleaf.org:8081/artifactory/libs-release/org/apache/maven/maven-repository-metadata/3.0/maven-repository-metadata-3.0.pom
2020-02-08 10:03:12,608 [Worker-7: Importing Maven projects] INFO  o.e.m.c.i.e.AbstractTransferListenerAdapter - Downloading http://jleaf.org:8081/artifactory/libs-release/org/apache/maven/maven-model-builder/3.0/maven-model-builder-3.0.pom
